#
# A fatal error has been detected by the Java Runtime Environment:
#
#  SIGBUS (0x7) at pc=0x00007f510a57f625, pid=16372, tid=0x00007f5083dfd700
#
# JRE version: Java(TM) SE Runtime Environment (8.0_121-b13) (build 1.8.0_121-b13)
# Java VM: Java HotSpot(TM) 64-Bit Server VM (25.121-b13 mixed mode linux-amd64 compressed oops)
# Problematic frame:
# V  [libjvm.so+0x7fd625]
#
# Failed to write core dump. Core dumps have been disabled. To enable core dumping, try "ulimit -c unlimited" before starting Java again
#
# If you would like to submit a bug report, please visit:
#   http://bugreport.java.com/bugreport/crash.jsp
#

---------------  T H R E A D  ---------------

Current thread (0x00007f5104f94000):  JavaThread "http-nio-8080-exec-6" daemon [_thread_in_vm, id=16430, stack(0x00007f5083cfd000,0x00007f5083dfe000)]

siginfo: si_signo: 7 (SIGBUS), si_code: 2 (BUS_ADRERR), si_addr: 0x00007f5081f56000

Registers:
RAX=0x00000000d9705ad8, RBX=0x00007f5104f94000, RCX=0x00007f5081feeff8, RDX=0xfffffffffffece04
RSP=0x00007f5083dfa158, RBP=0x00007f5083dfa1b0, RSI=0xc2befa990b182625, RDI=0x00000000d9605ae0
R8 =0x0000000000000000, R9 =0x00007f5081eef000, R10=0x00007f50f57b2867, R11=0x00007f50f57b2818
R12=0x00007f5083dfa1d0, R13=0x0000000000000000, R14=0x00007f510ad42c60, R15=0x00007f510ad479e0
RIP=0x00007f510a57f625, EFLAGS=0x0000000000010282, CSGSFS=0x002b000000000033, ERR=0x0000000000000006
  TRAPNO=0x000000000000000e

Top of Stack: (sp=0x00007f5083dfa158)
0x00007f5083dfa158:   00007f510a81bfbf 00007f5081eef000
0x00007f5083dfa168:   0000000000000010 00007f5104f94000
0x00007f5083dfa178:   00007f50f50310a3 00007f50f50055d0
0x00007f5083dfa188:   00007f50ef9e9dc0 0000000000000000
0x00007f5083dfa198:   00007f5083dfa218 00007f5083dfa310
0x00007f5083dfa1a8:   00007f5104f94000 00007f5083dfa200
0x00007f5083dfa1b8:   00007f50f57b28e1 0000000000100000
0x00007f5083dfa1c8:   00000000851f9a08 00000000d9605ad0
0x00007f5083dfa1d8:   00007f5104f94000 0000000000000000
0x00007f5083dfa1e8:   00007f50f50310a3 00007f50f50055d0
0x00007f5083dfa1f8:   00007f5100000000 00007f5083dfa2a0
0x00007f5083dfa208:   00007f50f500833d 00007f50f500833d
0x00007f5083dfa218:   0000000000100000 00007f50f50055d0
0x00007f5083dfa228:   00007f5081eef000 00007f5083dfa440
0x00007f5083dfa238:   0000000000000000 0000000000000010
0x00007f5083dfa248:   00007f50f50310a3 00000000d9605ad0
0x00007f5083dfa258:   00000000851f9a08 00007f5083dfa260
0x00007f5083dfa268:   00007f50efaccaaa 00007f5083dfa310
0x00007f5083dfa278:   00007f50efacd600 0000000000000000
0x00007f5083dfa288:   00007f50efaccad8 00007f5083dfa218
0x00007f5083dfa298:   00007f5083dfa2d0 00007f5083dfa358
0x00007f5083dfa2a8:   00007f50f500833d 0000000000100000
0x00007f5083dfa2b8:   0000000000000000 0000000000000010
0x00007f5083dfa2c8:   0000000000000000 0000000000a00000
0x00007f5083dfa2d8:   00007f50f5007e50 00007f5081eef000
0x00007f5083dfa2e8:   00000000d950a618 0000000000000000
0x00007f5083dfa2f8:   00007f50f5007d80 0000000000000010
0x00007f5083dfa308:   00007f50f5007d80 00000000d9605ad0
0x00007f5083dfa318:   00007f5083dfa318 00007f50efb8af95
0x00007f5083dfa328:   00007f5083dfa398 00007f50efb8e338
0x00007f5083dfa338:   0000000000000000 00007f50efb8afc8
0x00007f5083dfa348:   00007f5083dfa2d0 00007f5083dfa380 

Instructions: (pc=0x00007f510a57f625)
0x00007f510a57f605:   4c d6 f8 48 f7 da eb 39 48 8b 74 d0 08 48 89 74
0x00007f510a57f615:   d1 08 48 83 c2 01 75 f0 c3 66 90 48 8b 74 d0 e8
0x00007f510a57f625:   48 89 74 d1 e8 48 8b 74 d0 f0 48 89 74 d1 f0 48
0x00007f510a57f635:   8b 74 d0 f8 48 89 74 d1 f8 48 8b 34 d0 48 89 34 

Register to memory mapping:

RAX=0x00000000d9705ad8 is an oop
