#
# A fatal error has been detected by the Java Runtime Environment:
#
#  SIGBUS (0x7) at pc=0x00007fd4be515625, pid=16932, tid=0x00007fd43ffff700
#
# JRE version: Java(TM) SE Runtime Environment (8.0_121-b13) (build 1.8.0_121-b13)
# Java VM: Java HotSpot(TM) 64-Bit Server VM (25.121-b13 mixed mode linux-amd64 compressed oops)
# Problematic frame:
# V  [libjvm.so+0x7fd625]
#
# Failed to write core dump. Core dumps have been disabled. To enable core dumping, try "ulimit -c unlimited" before starting Java again
#
# If you would like to submit a bug report, please visit:
#   http://bugreport.java.com/bugreport/crash.jsp
#

---------------  T H R E A D  ---------------

Current thread (0x00007fd4b8f2b000):  JavaThread "http-nio-8080-exec-2" daemon [_thread_in_vm, id=16994, stack(0x00007fd43feff000,0x00007fd440000000)]

siginfo: si_signo: 7 (SIGBUS), si_code: 2 (BUS_ADRERR), si_addr: 0x00007fd43de57000

Registers:
RAX=0x00000000e68ff7c0, RBX=0x00007fd4b8f2b000, RCX=0x00007fd43deedff8, RDX=0xfffffffffffed204
RSP=0x00007fd43fffc588, RBP=0x00007fd43fffc5e0, RSI=0x6bf4a500c14fe5d5, RDI=0x00000000e67ff7c8
R8 =0x0000000000000000, R9 =0x00007fd43ddee000, R10=0x00007fd4a97a1be7, R11=0x00007fd4a97a1b98
R12=0x00007fd43fffc600, R13=0x0000000000000000, R14=0x00007fd4becd8c60, R15=0x00007fd4becdd9e0
RIP=0x00007fd4be515625, EFLAGS=0x0000000000010282, CSGSFS=0x002b000000000033, ERR=0x0000000000000006
  TRAPNO=0x000000000000000e

Top of Stack: (sp=0x00007fd43fffc588)
0x00007fd43fffc588:   00007fd4be7b1fbf 00007fd43ddee000
0x00007fd43fffc598:   0000000000000010 00007fd4b8f2b000
0x00007fd43fffc5a8:   00000000e1950eb0 ffffffffffffffff
0x00007fd43fffc5b8:   00007fd4a38e8dc0 0000000000000000
0x00007fd43fffc5c8:   00007fd43fffc650 00007fd43fffc748
0x00007fd43fffc5d8:   00007fd4b8f2b000 00007fd43fffc630
0x00007fd43fffc5e8:   00007fd4a97a1c61 0000000000100000
0x00007fd43fffc5f8:   000000008522a0a8 00000000e67ff7b8
0x00007fd43fffc608:   0000000000000031 0000000000000000
0x00007fd43fffc618:   00007fd4b8f2b000 00007fd43fffc690
0x00007fd43fffc628:   00007fd4be39d2b0 00007fd43fffc6d8
0x00007fd43fffc638:   00007fd4a900833d 00000000e1950eb0
0x00007fd43fffc648:   00007fd4a900833d 0000000000100000
0x00007fd43fffc658:   00007fd4a900833d 00007fd43ddee000
0x00007fd43fffc668:   00007fd4a900833d 0000000000000000
0x00007fd43fffc678:   0000000000000010 00007fd43fffc6f0
0x00007fd43fffc688:   00000000e67ff7b8 000000008522a0a8
0x00007fd43fffc698:   00007fd43fffc698 00007fd4a39cbaaa
0x00007fd43fffc6a8:   00007fd43fffc748 00007fd4a39cc600
0x00007fd43fffc6b8:   0000000000000000 00007fd4a39cbad8
0x00007fd43fffc6c8:   00007fd43fffc650 00007fd43fffc708
0x00007fd43fffc6d8:   00007fd43fffc790 00007fd4a900833d
0x00007fd43fffc6e8:   0000000000100000 0000000000000000
0x00007fd43fffc6f8:   0000000000000010 0000000000000000
0x00007fd43fffc708:   0000000000a00000 00007fd4a9007e50
0x00007fd43fffc718:   00007fd43ddee000 00000000e1950ef8
0x00007fd43fffc728:   0000000000000000 00007fd43fffc790
0x00007fd43fffc738:   0000000000000010 00007fd4a9007d80
0x00007fd43fffc748:   00000000e67ff7b8 00007fd43fffc750
0x00007fd43fffc758:   00007fd4a3a89f95 00007fd43fffc7d0
0x00007fd43fffc768:   00007fd4a3a8d338 0000000000000000
0x00007fd43fffc778:   00007fd4a3a89fc8 00007fd43fffc708 

Instructions: (pc=0x00007fd4be515625)
0x00007fd4be515605:   4c d6 f8 48 f7 da eb 39 48 8b 74 d0 08 48 89 74
0x00007fd4be515615:   d1 08 48 83 c2 01 75 f0 c3 66 90 48 8b 74 d0 e8
0x00007fd4be515625:   48 89 74 d1 e8 48 8b 74 d0 f0 48 89 74 d1 f0 48
0x00007fd4be515635:   8b 74 d0 f8 48 89 74 d1 f8 48 8b 34 d0 48 89 34 

Register to memory mapping:

RAX=0x00000000e68ff7c0 is an oop
